2021-11-22 17:03:48.801327 >>> {command: get_health}
2021-11-22 17:03:50.274341 <<< {isError: false, response: {status: ok}, type: _extensionType, method: ext.flutter.driver}
2021-11-22 17:03:50.680628 >>> {command: waitForCondition, timeout: 30000, conditionName: NoTransientCallbacksCondition}
2021-11-22 17:03:50.727089 <<< {isError: false, response: null, type: _extensionType, method: ext.flutter.driver}
2021-11-22 17:03:50.762098 >>> {command: waitFor, timeout: 1000, finderType: ByValueKey, keyValueString: inputEmail, keyValueType: String}
2021-11-22 17:03:50.816459 <<< {isError: false, response: {}, type: _extensionType, method: ext.flutter.driver}
2021-11-22 17:03:50.940605 >>> {command: waitFor, timeout: 1000, finderType: ByValueKey, keyValueString: inputPassword, keyValueType: String}
2021-11-22 17:03:51.166213 <<< {isError: false, response: {}, type: _extensionType, method: ext.flutter.driver}
2021-11-22 17:03:51.279152 >>> {command: waitFor, timeout: 1000, finderType: ByValueKey, keyValueString: loginButton, keyValueType: String}
2021-11-22 17:03:51.369189 <<< {isError: false, response: {}, type: _extensionType, method: ext.flutter.driver}
2021-11-22 17:03:51.389024 >>> {command: tap, timeout: 30000, finderType: ByValueKey, keyValueString: inputEmail, keyValueType: String}
2021-11-22 17:03:51.621687 <<< {isError: false, response: {}, type: _extensionType, method: ext.flutter.driver}
2021-11-22 17:03:51.648837 >>> {command: waitForCondition, timeout: 30000, conditionName: NoTransientCallbacksCondition}
2021-11-22 17:03:51.848849 <<< {isError: false, response: null, type: _extensionType, method: ext.flutter.driver}
2021-11-22 17:03:51.879228 >>> {command: tap, timeout: 30000, finderType: ByValueKey, keyValueString: inputEmail, keyValueType: String}
2021-11-22 17:03:51.975862 <<< {isError: false, response: {}, type: _extensionType, method: ext.flutter.driver}
2021-11-22 17:03:51.994136 >>> {command: waitForCondition, timeout: 30000, conditionName: NoTransientCallbacksCondition}
2021-11-22 17:03:52.017789 <<< {isError: false, response: null, type: _extensionType, method: ext.flutter.driver}
2021-11-22 17:03:52.035837 >>> {command: enter_text, timeout: 30000, text: zonen@getnada.com}
2021-11-22 17:03:52.085506 <<< {isError: false, response: {}, type: _extensionType, method: ext.flutter.driver}
2021-11-22 17:03:52.109688 >>> {command: tap, timeout: 30000, finderType: ByValueKey, keyValueString: inputPassword, keyValueType: String}
2021-11-22 17:03:52.339245 <<< {isError: false, response: {}, type: _extensionType, method: ext.flutter.driver}
2021-11-22 17:03:52.462692 >>> {command: waitForCondition, timeout: 30000, conditionName: NoTransientCallbacksCondition}
2021-11-22 17:03:52.554511 <<< {isError: false, response: null, type: _extensionType, method: ext.flutter.driver}
2021-11-22 17:03:52.578005 >>> {command: tap, timeout: 30000, finderType: ByValueKey, keyValueString: inputPassword, keyValueType: String}
2021-11-22 17:03:52.619688 <<< {isError: false, response: {}, type: _extensionType, method: ext.flutter.driver}
2021-11-22 17:03:52.644248 >>> {command: waitForCondition, timeout: 30000, conditionName: NoTransientCallbacksCondition}
2021-11-22 17:03:52.783148 <<< {isError: false, response: null, type: _extensionType, method: ext.flutter.driver}
2021-11-22 17:03:52.807660 >>> {command: enter_text, timeout: 30000, text: asdfghjkL1234567890!}
2021-11-22 17:03:52.831994 <<< {isError: false, response: {}, type: _extensionType, method: ext.flutter.driver}
2021-11-22 17:03:52.850962 >>> {command: tap, timeout: 30000, finderType: ByValueKey, keyValueString: loginButton, keyValueType: String}
2021-11-22 17:03:53.133050 <<< {isError: false, response: {}, type: _extensionType, method: ext.flutter.driver}
2021-11-22 17:03:53.160640 >>> {command: waitForCondition, timeout: 30000, conditionName: NoTransientCallbacksCondition}
2021-11-22 17:03:53.523797 <<< {isError: false, response: null, type: _extensionType, method: ext.flutter.driver}
2021-11-22 17:03:53.555971 >>> {command: waitFor, timeout: 1000, finderType: ByValueKey, keyValueString: namaField, keyValueType: String}
2021-11-22 17:03:54.779355 <<< {isError: false, response: {}, type: _extensionType, method: ext.flutter.driver}
2021-11-22 17:03:54.917902 >>> {command: waitForCondition, timeout: 30000, conditionName: NoTransientCallbacksCondition}
2021-11-22 17:03:54.940808 <<< {isError: false, response: null, type: _extensionType, method: ext.flutter.driver}
2021-11-22 17:03:55.067568 >>> {command: get_text, timeout: 30000, finderType: ByValueKey, keyValueString: emailField, keyValueType: String}
2021-11-22 17:03:55.199389 <<< {isError: false, response: {text: zonen@getnada.com}, type: _extensionType, method: ext.flutter.driver}
2021-11-22 17:08:29.618416 >>> {command: get_health}
2021-11-22 17:08:30.860264 <<< {isError: false, response: {status: ok}, type: _extensionType, method: ext.flutter.driver}
2021-11-22 17:08:30.997035 >>> {command: waitForCondition, timeout: 30000, conditionName: NoTransientCallbacksCondition}
2021-11-22 17:08:31.069860 <<< {isError: false, response: null, type: _extensionType, method: ext.flutter.driver}
2021-11-22 17:08:31.209467 >>> {command: waitFor, timeout: 1000, finderType: ByValueKey, keyValueString: inputEmail, keyValueType: String}
2021-11-22 17:08:31.324744 <<< {isError: false, response: {}, type: _extensionType, method: ext.flutter.driver}
2021-11-22 17:08:31.351673 >>> {command: waitFor, timeout: 1000, finderType: ByValueKey, keyValueString: inputPassword, keyValueType: String}
2021-11-22 17:08:31.373614 <<< {isError: false, response: {}, type: _extensionType, method: ext.flutter.driver}
2021-11-22 17:08:31.392591 >>> {command: waitFor, timeout: 1000, finderType: ByValueKey, keyValueString: loginButton, keyValueType: String}
2021-11-22 17:08:31.435135 <<< {isError: false, response: {}, type: _extensionType, method: ext.flutter.driver}
2021-11-22 17:08:31.571867 >>> {command: tap, timeout: 30000, finderType: ByValueKey, keyValueString: inputEmail, keyValueType: String}
2021-11-22 17:08:31.841607 <<< {isError: false, response: {}, type: _extensionType, method: ext.flutter.driver}
2021-11-22 17:08:32.023864 >>> {command: waitForCondition, timeout: 30000, conditionName: NoTransientCallbacksCondition}
2021-11-22 17:08:32.174052 <<< {isError: false, response: null, type: _extensionType, method: ext.flutter.driver}
2021-11-22 17:08:32.245487 >>> {command: tap, timeout: 30000, finderType: ByValueKey, keyValueString: inputEmail, keyValueType: String}
2021-11-22 17:08:32.283795 <<< {isError: false, response: {}, type: _extensionType, method: ext.flutter.driver}
2021-11-22 17:08:32.304948 >>> {command: waitForCondition, timeout: 30000, conditionName: NoTransientCallbacksCondition}
2021-11-22 17:08:32.329583 <<< {isError: false, response: null, type: _extensionType, method: ext.flutter.driver}
2021-11-22 17:08:32.403640 >>> {command: enter_text, timeout: 30000, text: zonen@getnada.com}
2021-11-22 17:08:32.453759 <<< {isError: false, response: {}, type: _extensionType, method: ext.flutter.driver}
2021-11-22 17:08:32.475701 >>> {command: tap, timeout: 30000, finderType: ByValueKey, keyValueString: inputPassword, keyValueType: String}
2021-11-22 17:08:32.714241 <<< {isError: false, response: {}, type: _extensionType, method: ext.flutter.driver}
2021-11-22 17:08:33.460164 >>> {command: waitForCondition, timeout: 30000, conditionName: NoTransientCallbacksCondition}
2021-11-22 17:08:33.611752 <<< {isError: false, response: null, type: _extensionType, method: ext.flutter.driver}
2021-11-22 17:08:33.723823 >>> {command: tap, timeout: 30000, finderType: ByValueKey, keyValueString: inputPassword, keyValueType: String}
2021-11-22 17:08:33.761903 <<< {isError: false, response: {}, type: _extensionType, method: ext.flutter.driver}
2021-11-22 17:08:33.799254 >>> {command: waitForCondition, timeout: 30000, conditionName: NoTransientCallbacksCondition}
2021-11-22 17:08:33.823538 <<< {isError: false, response: null, type: _extensionType, method: ext.flutter.driver}
2021-11-22 17:08:33.843519 >>> {command: enter_text, timeout: 30000, text: asdfghjkL1234567890!}
2021-11-22 17:08:33.867422 <<< {isError: false, response: {}, type: _extensionType, method: ext.flutter.driver}
2021-11-22 17:08:33.886370 >>> {command: tap, timeout: 30000, finderType: ByValueKey, keyValueString: loginButton, keyValueType: String}
2021-11-22 17:08:34.159218 <<< {isError: false, response: {}, type: _extensionType, method: ext.flutter.driver}
2021-11-22 17:08:34.203071 >>> {command: waitForCondition, timeout: 30000, conditionName: NoTransientCallbacksCondition}
2021-11-22 17:08:34.546606 <<< {isError: false, response: null, type: _extensionType, method: ext.flutter.driver}
2021-11-22 17:08:35.588572 >>> {command: waitFor, timeout: 1000, finderType: ByValueKey, keyValueString: namaField, keyValueType: String}
2021-11-22 17:08:36.019580 <<< {isError: false, response: {}, type: _extensionType, method: ext.flutter.driver}
2021-11-22 17:08:36.285245 >>> {command: waitForCondition, timeout: 30000, conditionName: NoTransientCallbacksCondition}
2021-11-22 17:08:36.329218 <<< {isError: false, response: null, type: _extensionType, method: ext.flutter.driver}
2021-11-22 17:08:36.354152 >>> {command: get_text, timeout: 30000, finderType: ByValueKey, keyValueString: emailField, keyValueType: String}
2021-11-22 17:08:36.388681 <<< {isError: false, response: {text: zonen@getnada.com}, type: _extensionType, method: ext.flutter.driver}
